BEGIN;
BEGIN
EXPLAIN
select
	100.00 * sum(case
		when p_type like 'PROMO%'
			then l_extendedprice * (1 - l_discount)
		else 0
	end) / sum(l_extendedprice * (1 - l_discount)) as promo_revenue
from
	lineitem,
	part
where
	l_partkey = p_partkey
	and l_shipdate >= date '1994-02-01'
	and l_shipdate < cast(date '1994-02-01' + interval '1 month' as date);
                                                                                                                                                         QUERY PLAN                                                                                                                                                         
----------------------------------------------------------------------------------------------------------------------------------------------------------------------------------------------------------------------------------------------------------------------------------------------------------------------------
 Aggregate  (cost=11610758.80..11610758.82 rows=1 width=29)
   ->  Remote Subquery Scan on all (datanode_1_1,datanode_1_2,datanode_2_1,datanode_2_2,datanode_3_1,datanode_3_2,datanode_4_1,datanode_4_2,datanode_5_1,datanode_5_2,datanode_6_1,datanode_6_2,datanode_7_1,datanode_7_2,datanode_8_1,datanode_8_2)  (cost=1140056.10..11599414.81 rows=648228 width=29)
         ->  Aggregate  (cost=1140056.10..11599414.81 rows=1 width=29)
               ->  Hash Join  (cost=1140056.10..11599414.81 rows=648228 width=29)
                     Hash Cond: (lineitem.l_partkey = part.p_partkey)
                     ->  Remote Subquery Scan on all (datanode_1_1,datanode_1_2,datanode_2_1,datanode_2_2,datanode_3_1,datanode_3_2,datanode_4_1,datanode_4_2,datanode_5_1,datanode_5_2,datanode_6_1,datanode_6_2,datanode_7_1,datanode_7_2,datanode_8_1,datanode_8_2)  (cost=148161.10..10322903.12 rows=6978039 width=12)
                           Distribute results by H: l_partkey
                           ->  Bitmap Heap Scan on lineitem  (cost=148061.10..10204176.46 rows=6978039 width=12)
                                 Recheck Cond: ((l_shipdate >= '1994-02-01'::date) AND (l_shipdate < '1994-03-01'::date))
                                 ->  Bitmap Index Scan on lineitem_l_shipdate_l_suppkey__idx  (cost=0.00..146316.59 rows=6978039 width=0)
                                       Index Cond: ((l_shipdate >= '1994-02-01'::date) AND (l_shipdate < '1994-03-01'::date))
                     ->  Hash  (cost=605276.00..605276.00 rows=20000000 width=25)
                           ->  Seq Scan on part  (cost=0.00..605276.00 rows=20000000 width=25)
(13 rows)

COMMIT;
COMMIT
