BEGIN;
BEGIN
create or replace view revenue0 (supplier_no, total_revenue) as
	select
		l_suppkey,
		sum(l_extendedprice * (1 - l_discount))
	from
		lineitem
	where
		l_shipdate >= '1994-05-01'
		and l_shipdate < date'1994-05-01' + interval '90 days'
	group by
		l_suppkey;
CREATE VIEW
EXPLAIN
select
	s_suppkey,
	s_name,
	s_address,
	s_phone,
	total_revenue
from
	supplier,
	revenue0
where
	s_suppkey = supplier_no
	and total_revenue = (
		select
			max(total_revenue)
		from
			revenue0
	)
order by
	s_suppkey;
                                                                                                                                                            QUERY PLAN                                                                                                                                                             
-----------------------------------------------------------------------------------------------------------------------------------------------------------------------------------------------------------------------------------------------------------------------------------------------------------------------------------
 Remote Subquery Scan on all (datanode_6_1)  (cost=23558587.48..23673956.22 rows=37185 width=79)
   ->  Merge Join  (cost=23558587.48..23673956.22 rows=37185 width=79)
         Merge Cond: (supplier.s_suppkey = revenue0.supplier_no)
         InitPlan 1 (returns $0)
           ->  Aggregate  (cost=11693848.46..11693848.47 rows=1 width=8)
                 ->  HashAggregate  (cost=11693011.80..11693383.65 rows=37185 width=12)
                       Group Key: lineitem_1.l_suppkey
                       ->  Remote Subquery Scan on all (datanode_1_1,datanode_1_2,datanode_2_1,datanode_2_2,datanode_3_1,datanode_3_2,datanode_4_1,datanode_4_2,datanode_5_1,datanode_5_2,datanode_6_1,datanode_6_2,datanode_7_1,datanode_7_2,datanode_8_1,datanode_8_2)  (cost=475476.55..11468921.70 rows=22409010 width=12)
                             ->  HashAggregate  (cost=475476.55..11468921.70 rows=37185 width=12)
                                   Group Key: lineitem_1.l_suppkey
                                   ->  Bitmap Heap Scan on lineitem lineitem_1  (cost=475476.55..11468921.70 rows=22409010 width=12)
                                         Recheck Cond: ((l_shipdate >= '1994-05-01'::date) AND (l_shipdate < '1994-07-30 00:00:00'::timestamp without time zone))
                                         ->  Bitmap Index Scan on lineitem_l_shipdate_l_suppkey__idx  (cost=0.00..469874.30 rows=22409010 width=0)
                                               Index Cond: ((l_shipdate >= '1994-05-01'::date) AND (l_shipdate < '1994-07-30 00:00:00'::timestamp without time zone))
         ->  Index Scan using pk_supplier on supplier  (cost=0.17..112311.13 rows=1000000 width=71)
         ->  Sort  (cost=11864738.83..11864831.80 rows=37185 width=12)
               Sort Key: revenue0.supplier_no
               ->  Subquery Scan on revenue0  (cost=11861079.38..11861916.04 rows=37185 width=12)
                     ->  HashAggregate  (cost=11861079.38..11861544.19 rows=37185 width=12)
                           Group Key: lineitem.l_suppkey
                           Filter: (sum((sum((lineitem.l_extendedprice * ('1'::double precision - lineitem.l_discount))))) = $0)
                           ->  Remote Subquery Scan on all (datanode_1_1,datanode_1_2,datanode_2_1,datanode_2_2,datanode_3_1,datanode_3_2,datanode_4_1,datanode_4_2,datanode_5_1,datanode_5_2,datanode_6_1,datanode_6_2,datanode_7_1,datanode_7_2,datanode_8_1,datanode_8_2)  (cost=475476.55..11468921.70 rows=22409010 width=12)
                                 ->  HashAggregate  (cost=475476.55..11468921.70 rows=37185 width=12)
                                       Group Key: lineitem.l_suppkey
                                       ->  Bitmap Heap Scan on lineitem  (cost=475476.55..11468921.70 rows=22409010 width=12)
                                             Recheck Cond: ((l_shipdate >= '1994-05-01'::date) AND (l_shipdate < '1994-07-30 00:00:00'::timestamp without time zone))
                                             ->  Bitmap Index Scan on lineitem_l_shipdate_l_suppkey__idx  (cost=0.00..469874.30 rows=22409010 width=0)
                                                   Index Cond: ((l_shipdate >= '1994-05-01'::date) AND (l_shipdate < '1994-07-30 00:00:00'::timestamp without time zone))
(28 rows)

drop view revenue0;
DROP VIEW
COMMIT;
COMMIT
