BEGIN;
BEGIN
EXPLAIN
select
	l_orderkey,
	sum(l_extendedprice * (1 - l_discount)) as revenue,
	o_orderdate,
	o_shippriority
from
	customer,
	orders,
	lineitem
where
	c_mktsegment = 'FURNITURE'
	and c_custkey = o_custkey
	and l_orderkey = o_orderkey
	and o_orderdate < date '1995-03-31'
	and l_shipdate > date '1995-03-31'
group by
	l_orderkey,
	o_orderdate,
	o_shippriority
order by
	revenue desc,
	o_orderdate
LIMIT 10;
                                                                                                                                                 QUERY PLAN                                                                                                                                                 
------------------------------------------------------------------------------------------------------------------------------------------------------------------------------------------------------------------------------------------------------------------------------------------------------------
 Limit  (cost=26595625.84..26595625.86 rows=10 width=20)
   ->  Remote Subquery Scan on all (datanode_1_1,datanode_1_2,datanode_2_1,datanode_2_2,datanode_3_1,datanode_3_2,datanode_4_1,datanode_4_2,datanode_5_1,datanode_5_2,datanode_6_1,datanode_6_2,datanode_7_1,datanode_7_2,datanode_8_1,datanode_8_2)  (cost=26595625.84..26610346.20 rows=5888146 width=20)
         ->  Limit  (cost=26595625.84..26610346.20 rows=5888146 width=20)
               ->  Sort  (cost=26595625.84..26610346.20 rows=5888146 width=20)
                     Sort Key: (sum((lineitem.l_extendedprice * ('1'::double precision - lineitem.l_discount)))) DESC, orders.o_orderdate
                     ->  GroupAggregate  (cost=26306461.11..26468385.12 rows=5888146 width=20)
                           Group Key: lineitem.l_orderkey, orders.o_orderdate, orders.o_shippriority
                           ->  Sort  (cost=26306461.11..26321181.47 rows=5888146 width=20)
                                 Sort Key: lineitem.l_orderkey, orders.o_orderdate, orders.o_shippriority
                                 ->  Hash Join  (cost=5428928.30..25644357.28 rows=5888146 width=20)
                                       Hash Cond: (lineitem.l_orderkey = orders.o_orderkey)
                                       ->  Seq Scan on lineitem  (cost=0.00..18157782.80 rows=319802355 width=12)
                                             Filter: (l_shipdate > '1995-03-31'::date)
                                       ->  Hash  (cost=5394406.13..5394406.13 rows=2761774 width=12)
                                             ->  Hash Join  (cost=497140.27..5394406.13 rows=2761774 width=12)
                                                   Hash Cond: (orders.o_custkey = customer.c_custkey)
                                                   ->  Seq Scan on orders  (cost=0.00..4407960.00 rows=73870099 width=16)
                                                         Filter: (o_orderdate < '1995-03-31'::date)
                                                   ->  Hash  (cost=459663.52..459663.52 rows=2998140 width=4)
                                                         ->  Bitmap Heap Scan on customer  (cost=69415.77..459663.52 rows=2998140 width=4)
                                                               Recheck Cond: (c_mktsegment = 'FURNITURE'::bpchar)
                                                               ->  Bitmap Index Scan on customer_c_mktsegment_c_custkey_idx  (cost=0.00..68666.24 rows=2998140 width=0)
                                                                     Index Cond: (c_mktsegment = 'FURNITURE'::bpchar)
(23 rows)

COMMIT;
COMMIT
