BEGIN;
BEGIN
EXPLAIN
select
	n_name,
	sum(l_extendedprice * (1 - l_discount)) as revenue
from
	customer,
	orders,
	lineitem,
	supplier,
	nation,
	region
where
	c_custkey = o_custkey
	and l_orderkey = o_orderkey
	and l_suppkey = s_suppkey
	and c_nationkey = s_nationkey
	and s_nationkey = n_nationkey
	and n_regionkey = r_regionkey
	and r_name = 'ASIA'
	and o_orderdate >= date '1994-01-01'
	and o_orderdate < date '1994-01-01' + interval '1 year'
group by
	n_name
order by
	revenue desc;
                                                                                                                                                   QUERY PLAN                                                                                                                                                   
----------------------------------------------------------------------------------------------------------------------------------------------------------------------------------------------------------------------------------------------------------------------------------------------------------------
 Sort  (cost=21253872.13..21253872.20 rows=25 width=34)
   Sort Key: (sum((sum((lineitem.l_extendedprice * ('1'::double precision - lineitem.l_discount)))))) DESC
   ->  HashAggregate  (cost=21253871.30..21253871.55 rows=25 width=34)
         Group Key: nation.n_name
         ->  Remote Subquery Scan on all (datanode_1_1,datanode_1_2,datanode_2_1,datanode_2_2,datanode_3_1,datanode_3_2,datanode_4_1,datanode_4_2,datanode_5_1,datanode_5_2,datanode_6_1,datanode_6_2,datanode_7_1,datanode_7_2,datanode_8_1,datanode_8_2)  (cost=1155785.23..21252510.25 rows=136105 width=34)
               ->  HashAggregate  (cost=1155785.23..21252510.25 rows=25 width=34)
                     Group Key: nation.n_name
                     ->  Hash Join  (cost=1155785.23..21252510.25 rows=136105 width=34)
                           Hash Cond: ((lineitem.l_suppkey = supplier.s_suppkey) AND (customer.c_nationkey = supplier.s_nationkey))
                           ->  Nested Loop  (cost=1108984.23..21178828.57 rows=3402618 width=46)
                                 ->  Hash Join  (cost=1108984.03..4133615.54 rows=850601 width=38)
                                       Hash Cond: (orders.o_custkey = customer.c_custkey)
                                       ->  Bitmap Heap Scan on orders  (cost=482460.49..3356478.50 rows=22737200 width=8)
                                             Recheck Cond: ((o_orderdate >= '1994-01-01'::date) AND (o_orderdate < '1995-01-01 00:00:00'::timestamp without time zone))
                                             ->  Bitmap Index Scan on orders_o_orderdate_o_orderkey_idx  (cost=0.00..476776.20 rows=22737200 width=0)
                                                   Index Cond: ((o_orderdate >= '1994-01-01'::date) AND (o_orderdate < '1995-01-01 00:00:00'::timestamp without time zone))
                                       ->  Hash  (cost=589023.53..589023.53 rows=3000000 width=38)
                                             ->  Hash Join  (cost=2.53..589023.53 rows=3000000 width=38)
                                                   Hash Cond: (customer.c_nationkey = nation.n_nationkey)
                                                   ->  Seq Scan on customer  (cost=0.00..502771.00 rows=15000000 width=8)
                                                   ->  Hash  (cost=2.47..2.47 rows=5 width=30)
                                                         ->  Hash Join  (cost=1.07..2.47 rows=5 width=30)
                                                               Hash Cond: (nation.n_regionkey = region.r_regionkey)
                                                               ->  Seq Scan on nation  (cost=0.00..1.25 rows=25 width=34)
                                                               ->  Hash  (cost=1.06..1.06 rows=1 width=4)
                                                                     ->  Seq Scan on region  (cost=0.00..1.06 rows=1 width=4)
                                                                           Filter: (r_name = 'ASIA'::bpchar)
                                 ->  Index Scan using lineitem_l_orderkey_idx on lineitem  (cost=0.20..19.99 rows=5 width=16)
                                       Index Cond: (l_orderkey = orders.o_orderkey)
                           ->  Hash  (cost=31801.00..31801.00 rows=1000000 width=8)
                                 ->  Seq Scan on supplier  (cost=0.00..31801.00 rows=1000000 width=8)
(31 rows)

COMMIT;
COMMIT
